<?xml version="1.0" encoding="UTF-8"?><testsuite errors="0" failures="1" name="Add Passanger" skipped="0" tests="1" time="18.24" timestamp="2022-09-08 10:22:33"><testcase name="Increase in number of Adults"><failure message="Expected enabled element was not enabled" type="net.thucydides.core.webdriver.exceptions.ElementShouldBeEnabledException">Expected enabled element was not enabled</failure><system-err>Expected enabled element was not enabled
com.speedup.qa.tasks.AddAdult.performAs(AddAdult.java:17)
com.speedup.qa.stepDefinitions.AddAdultStepDefinitions.user_click_on_selector_plus(AddAdultStepDefinitions.java:38)
java.base/jdk.internal.reflect.NativeMethodAccessorImpl.invoke0(Native Method)
java.base/jdk.internal.reflect.NativeMethodAccessorImpl.invoke(NativeMethodAccessorImpl.java:62)
java.base/jdk.internal.reflect.DelegatingMethodAccessorImpl.invoke(DelegatingMethodAccessorImpl.java:43)
cucumber.runner.Runner.runPickle(Runner.java:80)
</system-err></testcase></testsuite>