<?xml version="1.0" encoding="UTF-8"?><testsuite errors="1" failures="0" name="Passanger" skipped="4" tests="5" time="28.42" timestamp="2022-09-08 12:07:10"><testcase name="Increase in number of Adults"><error message="element not interactable&#10;  (Session info: chrome=105.0.5195.52)&#10;Build info: version: '3.14.0', revision: 'aacccce0', time: '2018-08-02T20:19:58.91Z'&#10;System info: host: 'mati-HP-250-G8-Notebook-PC', ip: '127.0.1.1', os.name: 'Linux', os.arch: 'amd64', os.version: '5.15.0-47-generic', java.version: '11.0.16'&#10;Driver info: org.openqa.selenium.remote.RemoteWebDriver&#10;Capabilities {acceptInsecureCerts: false, browserName: chrome, browserVersion: 105.0.5195.52, chrome: {chromedriverVersion: 104.0.5112.79 (3cf3e8c8a07d..., userDataDir: /tmp/.com.google.Chrome.ddU6d3}, goog:chromeOptions: {debuggerAddress: localhost:35845}, javascriptEnabled: true, networkConnectionEnabled: false, pageLoadStrategy: normal, platform: LINUX, platformName: LINUX, proxy: Proxy(), setWindowRect: true, strictFileInteractability: false, timeouts: {implicit: 0, pageLoad: 300000, script: 30000}, unhandledPromptBehavior: dismiss and notify, webauthn:extension:credBlob: true, webauthn:extension:largeBlob: true, webauthn:virtualAuthenticators: true}&#10;Session ID: 350a1179ab74cbfbc2fa9e1b4630c6fe" type="org.openqa.selenium.ElementNotInteractableException">element not interactable
  (Session info: chrome=105.0.5195.52)
Build info: version: '3.14.0', revision: 'aacccce0', time: '2018-08-02T20:19:58.91Z'
System info: host: 'mati-HP-250-G8-Notebook-PC', ip: '127.0.1.1', os.name: 'Linux', os.arch: 'amd64', os.version: '5.15.0-47-generic', java.version: '11.0.16'
Driver info: org.openqa.selenium.remote.RemoteWebDriver
Capabilities {acceptInsecureCerts: false, browserName: chrome, browserVersion: 105.0.5195.52, chrome: {chromedriverVersion: 104.0.5112.79 (3cf3e8c8a07d..., userDataDir: /tmp/.com.google.Chrome.ddU6d3}, goog:chromeOptions: {debuggerAddress: localhost:35845}, javascriptEnabled: true, networkConnectionEnabled: false, pageLoadStrategy: normal, platform: LINUX, platformName: LINUX, proxy: Proxy(), setWindowRect: true, strictFileInteractability: false, timeouts: {implicit: 0, pageLoad: 300000, script: 30000}, unhandledPromptBehavior: dismiss and notify, webauthn:extension:credBlob: true, webauthn:extension:largeBlob: true, webauthn:virtualAuthenticators: true}
Session ID: 350a1179ab74cbfbc2fa9e1b4630c6fe</error><system-err>element not interactable
  (Session info: chrome=105.0.5195.52)
Build info: version: '3.14.0', revision: 'aacccce0', time: '2018-08-02T20:19:58.91Z'
System info: host: 'mati-HP-250-G8-Notebook-PC', ip: '127.0.1.1', os.name: 'Linux', os.arch: 'amd64', os.version: '5.15.0-47-generic', java.version: '11.0.16'
Driver info: org.openqa.selenium.remote.RemoteWebDriver
Capabilities {acceptInsecureCerts: false, browserName: chrome, browserVersion: 105.0.5195.52, chrome: {chromedriverVersion: 104.0.5112.79 (3cf3e8c8a07d..., userDataDir: /tmp/.com.google.Chrome.ddU6d3}, goog:chromeOptions: {debuggerAddress: localhost:35845}, javascriptEnabled: true, networkConnectionEnabled: false, pageLoadStrategy: normal, platform: LINUX, platformName: LINUX, proxy: Proxy(), setWindowRect: true, strictFileInteractability: false, timeouts: {implicit: 0, pageLoad: 300000, script: 30000}, unhandledPromptBehavior: dismiss and notify, webauthn:extension:credBlob: true, webauthn:extension:largeBlob: true, webauthn:virtualAuthenticators: true}
Session ID: 350a1179ab74cbfbc2fa9e1b4630c6fe
java.base/jdk.internal.reflect.NativeConstructorAccessorImpl.newInstance0(Native Method)
java.base/jdk.internal.reflect.NativeConstructorAccessorImpl.newInstance(NativeConstructorAccessorImpl.java:62)
java.base/jdk.internal.reflect.DelegatingConstructorAccessorImpl.newInstance(DelegatingConstructorAccessorImpl.java:45)
com.speedup.qa.tasks.AddAdult.performAs(AddAdult.java:17)
com.speedup.qa.stepDefinitions.AddAdultStepDefinitions.user_click_on_selector_plus(AddAdultStepDefinitions.java:38)
java.base/jdk.internal.reflect.NativeMethodAccessorImpl.invoke0(Native Method)
java.base/jdk.internal.reflect.NativeMethodAccessorImpl.invoke(NativeMethodAccessorImpl.java:62)
java.base/jdk.internal.reflect.DelegatingMethodAccessorImpl.invoke(DelegatingMethodAccessorImpl.java:43)
cucumber.runner.Runner.runPickle(Runner.java:80)
</system-err></testcase><testcase name="Group reservation sign below the Adults selector"><skipped/></testcase><testcase name="Select label Country"><skipped/></testcase></testsuite>